{"/home/kurttheviking/open-source/bluecache/index.js":{"path":"/home/kurttheviking/open-source/bluecache/index.js","s":{"1":1,"2":1,"3":1,"4":1,"5":1,"6":14,"7":1,"8":13,"9":13,"10":1,"11":13,"12":13,"13":1,"14":16,"15":1,"16":12,"17":12,"18":12,"19":16,"20":16,"21":1,"22":15,"23":1,"24":14,"25":1,"26":13,"27":13,"28":2,"29":2,"30":2,"31":11,"32":10,"33":10,"34":10,"35":13,"36":1,"37":1,"38":1,"39":13,"40":1,"41":1,"42":13,"43":4,"44":13,"45":13,"46":1},"b":{"1":[1,13],"2":[13,11],"3":[1,12],"4":[2,10],"5":[1,15],"6":[1,14],"7":[1,13],"8":[2,11]},"f":{"1":14,"2":16,"3":12,"4":16,"5":13,"6":10,"7":1,"8":1,"9":1,"10":1,"11":1,"12":4},"fnMap":{"1":{"name":"BlueCache","line":8,"loc":{"start":{"line":8,"column":0},"end":{"line":8,"column":29}}},"2":{"name":"cache","line":21,"loc":{"start":{"line":21,"column":2},"end":{"line":21,"column":32}}},"3":{"name":"emit","line":24,"loc":{"start":{"line":24,"column":4},"end":{"line":24,"column":32}}},"4":{"name":"(anonymous_4)","line":34,"loc":{"start":{"line":34,"column":24},"end":{"line":34,"column":51}}},"5":{"name":"(anonymous_5)","line":51,"loc":{"start":{"line":51,"column":40},"end":{"line":51,"column":56}}},"6":{"name":"(anonymous_6)","line":58,"loc":{"start":{"line":58,"column":34},"end":{"line":58,"column":52}}},"7":{"name":"(anonymous_7)","line":68,"loc":{"start":{"line":68,"column":14},"end":{"line":68,"column":29}}},"8":{"name":"(anonymous_8)","line":69,"loc":{"start":{"line":69,"column":24},"end":{"line":69,"column":43}}},"9":{"name":"(anonymous_9)","line":70,"loc":{"start":{"line":70,"column":33},"end":{"line":70,"column":49}}},"10":{"name":"(anonymous_10)","line":76,"loc":{"start":{"line":76,"column":16},"end":{"line":76,"column":28}}},"11":{"name":"(anonymous_11)","line":77,"loc":{"start":{"line":77,"column":24},"end":{"line":77,"column":43}}},"12":{"name":"(anonymous_12)","line":82,"loc":{"start":{"line":82,"column":13},"end":{"line":82,"column":25}}}},"statementMap":{"1":{"start":{"line":3,"column":0},"end":{"line":3,"column":35}},"2":{"start":{"line":4,"column":0},"end":{"line":4,"column":50}},"3":{"start":{"line":5,"column":0},"end":{"line":5,"column":35}},"4":{"start":{"line":6,"column":0},"end":{"line":6,"column":31}},"5":{"start":{"line":8,"column":0},"end":{"line":89,"column":1}},"6":{"start":{"line":9,"column":2},"end":{"line":11,"column":3}},"7":{"start":{"line":10,"column":4},"end":{"line":10,"column":34}},"8":{"start":{"line":13,"column":2},"end":{"line":13,"column":26}},"9":{"start":{"line":14,"column":2},"end":{"line":16,"column":3}},"10":{"start":{"line":15,"column":4},"end":{"line":15,"column":46}},"11":{"start":{"line":18,"column":2},"end":{"line":18,"column":31}},"12":{"start":{"line":19,"column":2},"end":{"line":19,"column":30}},"13":{"start":{"line":21,"column":2},"end":{"line":66,"column":3}},"14":{"start":{"line":22,"column":4},"end":{"line":22,"column":28}},"15":{"start":{"line":24,"column":4},"end":{"line":32,"column":5}},"16":{"start":{"line":25,"column":6},"end":{"line":25,"column":58}},"17":{"start":{"line":26,"column":6},"end":{"line":26,"column":30}},"18":{"start":{"line":28,"column":6},"end":{"line":31,"column":9}},"19":{"start":{"line":34,"column":4},"end":{"line":65,"column":7}},"20":{"start":{"line":35,"column":6},"end":{"line":49,"column":7}},"21":{"start":{"line":36,"column":8},"end":{"line":38,"column":10}},"22":{"start":{"line":40,"column":11},"end":{"line":49,"column":7}},"23":{"start":{"line":41,"column":8},"end":{"line":43,"column":10}},"24":{"start":{"line":45,"column":11},"end":{"line":49,"column":7}},"25":{"start":{"line":46,"column":8},"end":{"line":48,"column":10}},"26":{"start":{"line":51,"column":6},"end":{"line":64,"column":9}},"27":{"start":{"line":52,"column":8},"end":{"line":56,"column":9}},"28":{"start":{"line":53,"column":10},"end":{"line":53,"column":42}},"29":{"start":{"line":54,"column":10},"end":{"line":54,"column":27}},"30":{"start":{"line":55,"column":10},"end":{"line":55,"column":33}},"31":{"start":{"line":58,"column":8},"end":{"line":63,"column":23}},"32":{"start":{"line":59,"column":10},"end":{"line":59,"column":37}},"33":{"start":{"line":60,"column":10},"end":{"line":60,"column":28}},"34":{"start":{"line":61,"column":10},"end":{"line":61,"column":33}},"35":{"start":{"line":68,"column":2},"end":{"line":74,"column":4}},"36":{"start":{"line":69,"column":4},"end":{"line":73,"column":7}},"37":{"start":{"line":70,"column":6},"end":{"line":72,"column":9}},"38":{"start":{"line":71,"column":8},"end":{"line":71,"column":36}},"39":{"start":{"line":76,"column":2},"end":{"line":80,"column":4}},"40":{"start":{"line":77,"column":4},"end":{"line":79,"column":7}},"41":{"start":{"line":78,"column":6},"end":{"line":78,"column":32}},"42":{"start":{"line":82,"column":2},"end":{"line":84,"column":4}},"43":{"start":{"line":83,"column":4},"end":{"line":83,"column":33}},"44":{"start":{"line":86,"column":2},"end":{"line":86,"column":29}},"45":{"start":{"line":88,"column":2},"end":{"line":88,"column":15}},"46":{"start":{"line":92,"column":0},"end":{"line":92,"column":27}}},"branchMap":{"1":{"line":9,"type":"if","locations":[{"start":{"line":9,"column":2},"end":{"line":9,"column":2}},{"start":{"line":9,"column":2},"end":{"line":9,"column":2}}]},"2":{"line":13,"type":"binary-expr","locations":[{"start":{"line":13,"column":12},"end":{"line":13,"column":19}},{"start":{"line":13,"column":23},"end":{"line":13,"column":25}}]},"3":{"line":14,"type":"if","locations":[{"start":{"line":14,"column":2},"end":{"line":14,"column":2}},{"start":{"line":14,"column":2},"end":{"line":14,"column":2}}]},"4":{"line":25,"type":"cond-expr","locations":[{"start":{"line":25,"column":31},"end":{"line":25,"column":42}},{"start":{"line":25,"column":45},"end":{"line":25,"column":57}}]},"5":{"line":35,"type":"if","locations":[{"start":{"line":35,"column":6},"end":{"line":35,"column":6}},{"start":{"line":35,"column":6},"end":{"line":35,"column":6}}]},"6":{"line":40,"type":"if","locations":[{"start":{"line":40,"column":11},"end":{"line":40,"column":11}},{"start":{"line":40,"column":11},"end":{"line":40,"column":11}}]},"7":{"line":45,"type":"if","locations":[{"start":{"line":45,"column":11},"end":{"line":45,"column":11}},{"start":{"line":45,"column":11},"end":{"line":45,"column":11}}]},"8":{"line":52,"type":"if","locations":[{"start":{"line":52,"column":8},"end":{"line":52,"column":8}},{"start":{"line":52,"column":8},"end":{"line":52,"column":8}}]}}}}